
----- Date             : Thu Nov 27 12:29:12 1997
----- Module Name      : ECOUNT
----- Library Name     : X3000
----- Output Directory : .
----- Operating Voltage: 5.000000
----- Operating Temp   : 25
----- Process          : TYPICAL
----- Logic Type       : LARGE
----- area/speed Factor: 1.000000
----- Package          : DEFAULT

             *********************************************
                             Output Drives
             *********************************************


   Output            Drive              Output             Drive
----------------------------------------------------------------------------
                    rise     fall                         rise     fall
                   ----------------                      ----------------
VDIN               0.0000   0.0000    


             *********************************************
                             Input Loadings
             *********************************************


       Input             Load        Input             Load
-------------------------------------------------------------------
      CLK                5.000      RESET              3.000  



             *********************************************
                             Timing Report
             *********************************************


   Output          Delay            Required       Required Load   External Cap
-----------------------------------------------------------------------------
                  rise     fall      rise     fall      (Buffering)  (Timing)
                ----------------   --------------    ------------  ----------
DIN__COUT__[0]    1.00     1.00     <none>   <none>         1.0       1.0
DIN__COUT__[1]    2.00     2.00     <none>   <none>         1.0       1.0
DIN__COUT__[2]    2.00     2.00     <none>   <none>         1.0       1.0
DIN__COUT__[3]    2.00     2.00     <none>   <none>         1.0       1.0
DIN__VDIN1        4.00     4.00     <none>   <none>         1.0       1.0
VDIN              2.00     2.00     <none>   <none>         1.0       1.0
----------------------------------------------------------------------------
Total Delta          0.00      0.00
Max.  Delay          4.00      4.00
Min.  Delay          1.00      1.00

               ****************************************
                       Critical Path Delays
               ****************************************


 Node             Arrival      Required     Slack        Type
 -----------------------------------------------------------------------
DIN__VDIN1         4.00            -           -          X3000:AND2:2
SGEN_NODE_2        3.00            -           -          X3000:OR3:2
NET_$1             2.00            -           -          X3000:NOR4:3
NET_$6             1.00            -           -          X3000:INV:I
COUT_6_$Q   R/B/LC Output

DIN__VDIN1         4.00            -           -          X3000:AND2:2
SGEN_NODE_2        3.00            -           -          X3000:OR3:2
NET_$1             2.00            -           -          X3000:NOR4:3
NET_$6             1.00            -           -          X3000:INV:I
COUT_6_$Q   R/B/LC Output


 R/B/LC => Register/BlackBox/LibraryComponent 



             *********************************************
                          Gate Usage Summary
             *********************************************


Cell         Count       Area/Cell    Cell         Count       Area/Cell
----------------------------------------------------------------------------
MX3000:FD       5           0.00      X3000:AND2      5           0.25
X3000:INV       5           0.00      X3000:NOR4      1           0.75
X3000:OR2       1           0.25      X3000:OR3       1           0.50
X3000:OR4       1           0.75      X3000:XOR2      1           0.25
----------------------------------------------------------------------------

Total Cells :          20             Total Area  :        3.75


             *********************************************
                           Netlist Statistics
             *********************************************

Maximum level of gates =       4    Total number of nets   =      22
Maximum pins per net   =       6    Average pins per net   =    2.86
Maximum load per net   =    5.00    Average load per net   =    1.86


