
----- Date             : Thu Nov 27 12:29:35 1997
----- Module Name      : ENC
----- Library Name     : X3000
----- Output Directory : .
----- Operating Voltage: 5.000000
----- Operating Temp   : 25
----- Process          : TYPICAL
----- Logic Type       : LARGE
----- area/speed Factor: 1.000000
----- Package          : DEFAULT

             *********************************************
                             Output Drives
             *********************************************


   Output            Drive              Output             Drive
----------------------------------------------------------------------------
                    rise     fall                         rise     fall
                   ----------------                      ----------------
VDIN               0.0000   0.0000    DOUT               0.0000   0.0000 


             *********************************************
                             Input Loadings
             *********************************************


       Input             Load        Input             Load
-------------------------------------------------------------------
      CLK                10.000     RESET              5.000  
      DIN                1.000      


             *********************************************
                             Timing Report
             *********************************************


   Output          Delay            Required       Required Load   External Cap
-----------------------------------------------------------------------------
                  rise     fall      rise     fall      (Buffering)  (Timing)
                ----------------   --------------    ------------  ----------
RIN               3.00     3.00     <none>   <none>         0.0       1.0
DIN__DOUT         5.00     5.00     <none>   <none>         1.0       1.0
RLL               3.00     3.00     <none>   <none>         0.0       1.0
VDIN              2.00     2.00     <none>   <none>         4.0       4.0
DOUT              1.00     1.00     <none>   <none>         1.0       1.0
----------------------------------------------------------------------------
Total Delta          0.00      0.00
Max.  Delay          5.00      5.00
Min.  Delay          1.00      1.00

               ****************************************
                       Critical Path Delays
               ****************************************


 Node             Arrival      Required     Slack        Type
 -----------------------------------------------------------------------
DIN__DOUT          5.00            -           -          X3000:NAND2:1
NET_$8             4.00            -           -          X3000:OR2:1
NET_$2             3.00            -           -          X3000:INV:I
C1_$o1   R/B/LC Output

DIN__DOUT          5.00            -           -          X3000:NAND2:1
NET_$8             4.00            -           -          X3000:OR2:1
NET_$2             3.00            -           -          X3000:INV:I
C1_$o1   R/B/LC Output


 R/B/LC => Register/BlackBox/LibraryComponent 



             *********************************************
                          Gate Usage Summary
             *********************************************


Cell         Count       Area/Cell    Cell         Count       Area/Cell
----------------------------------------------------------------------------
ECOUNT          1           3.75      ERING           1           1.25
MX3000:FD       1           0.00      X3000:AND2      1           0.25
X3000:INV       5           0.00      X3000:NAND2     1           0.25
X3000:OR2       3           0.25      
----------------------------------------------------------------------------

Total Cells :          13             Total Area  :        6.25


             *********************************************
                           Netlist Statistics
             *********************************************

Maximum level of gates =       4    Total number of nets   =      16
Maximum pins per net   =       5    Average pins per net   =    2.50
Maximum load per net   =    4.00    Average load per net   =    1.19


